Mplus VERSION 8.5
MUTHEN & MUTHEN
02/28/2024  12:24 PM

INPUT INSTRUCTIONS

  data: file is CESAR03.dat;
  variable: names are ID repko konzept sample male leiter;
  missing = all(9999);

  grouping = sample(1 = Saar 2 = Kaiser 3 = ETHEnvi 4 = ETHPhys);

  usevariables = repko konzept;

  model:

  repko_l BY repko;
  repko@0;
  repko_l@1;

  konz_l BY konzept;
  konzept@0;
  konz_l@1;

  repko_l WITH konz_l (a);

  MODEL Saar:

  repko_l BY repko;
  repko@0;
  repko_l@1;

  konz_l BY konzept;
  konzept@0;
  konz_l@1;

  repko_l WITH konz_l (a);

  MODEL Kaiser:

  repko_l BY repko;
  repko@0;
  repko_l@1;

  konz_l BY konzept;
  konzept@0;
  konz_l@1;

  repko_l WITH konz_l (b);

  MODEL ETHEnvi:

  repko_l BY repko;
  repko@0;
  repko_l@1;

  konz_l BY konzept;
  konzept@0;
  konz_l@1;

  repko_l WITH konz_l (a);

  MODEL ETHPhys:

  repko_l BY repko;
  repko@0;
  repko_l@1;

  konz_l BY konzept;
  konzept@0;
  konz_l@1;

  repko_l WITH konz_l (b);



  output: tech1 residual stdyx cinterval;





INPUT READING TERMINATED NORMALLY




SUMMARY OF ANALYSIS

Number of groups                                                 4
Number of observations
   Group SAAR                                                  532
   Group KAISER                                                504
   Group ETHENVI                                               276
   Group ETHPHYS                                                83
   Total sample size                                          1395

Number of dependent variables                                    2
Number of independent variables                                  0
Number of continuous latent variables                            2

Observed dependent variables

  Continuous
   REPKO       KONZEPT

Continuous latent variables
   REPKO_L     KONZ_L

Variables with special functions

  Grouping variable     SAMPLE

Estimator                                                       ML
Information matrix                                        OBSERVED
Maximum number of iterations                                  1000
Convergence criterion                                    0.500D-04
Maximum number of steepest descent iterations                   20
Maximum number of iterations for H1                           2000
Convergence criterion for H1                             0.100D-03

Input data file(s)
  CESAR03.dat

Input data format  FREE


SUMMARY OF DATA

   Group SAAR
     Number of missing data patterns             1

   Group KAISER
     Number of missing data patterns             1

   Group ETHENVI
     Number of missing data patterns             1

   Group ETHPHYS
     Number of missing data patterns             1


COVARIANCE COVERAGE OF DATA

Minimum covariance coverage value   0.100


     PROPORTION OF DATA PRESENT FOR SAAR


           Covariance Coverage
              REPKO         KONZEPT
              ________      ________
 REPKO          1.000
 KONZEPT        1.000         1.000


     PROPORTION OF DATA PRESENT FOR KAISER


           Covariance Coverage
              REPKO         KONZEPT
              ________      ________
 REPKO          1.000
 KONZEPT        1.000         1.000


     PROPORTION OF DATA PRESENT FOR ETHENVI


           Covariance Coverage
              REPKO         KONZEPT
              ________      ________
 REPKO          1.000
 KONZEPT        1.000         1.000


     PROPORTION OF DATA PRESENT FOR ETHPHYS


           Covariance Coverage
              REPKO         KONZEPT
              ________      ________
 REPKO          1.000
 KONZEPT        1.000         1.000



UNIVARIATE SAMPLE STATISTICS


     UNIVARIATE HIGHER-ORDER MOMENT DESCRIPTIVE STATISTICS FOR SAAR

         Variable/         Mean/     Skewness/   Minimum/ % with                Percentiles
        Sample Size      Variance    Kurtosis    Maximum  Min/Max      20%/60%    40%/80%    Median

     REPKO                 4.613       0.807       0.000    0.56%       3.000      4.000      4.000
             532.000       4.989       0.585      12.000    0.75%       5.000      6.000
     KONZEPT               2.086       1.237       0.000   15.79%       1.000      1.000      2.000
             532.000       3.169       1.755      11.000    0.19%       2.000      3.000


     UNIVARIATE HIGHER-ORDER MOMENT DESCRIPTIVE STATISTICS FOR KAISER

         Variable/         Mean/     Skewness/   Minimum/ % with                Percentiles
        Sample Size      Variance    Kurtosis    Maximum  Min/Max      20%/60%    40%/80%    Median

     REPKO                 6.329       0.017       1.000    1.79%       4.000      6.000      7.000
             504.000       7.022      -0.785      12.000    1.39%       7.000      9.000
     KONZEPT               4.254       0.686       0.000   11.11%       1.000      2.000      4.000
             504.000      12.186      -0.604      12.000    3.97%       5.000      7.000


     UNIVARIATE HIGHER-ORDER MOMENT DESCRIPTIVE STATISTICS FOR ETHENVI

         Variable/         Mean/     Skewness/   Minimum/ % with                Percentiles
        Sample Size      Variance    Kurtosis    Maximum  Min/Max      20%/60%    40%/80%    Median

     REPKO                 7.902      -0.237       2.000    1.45%       6.000      7.000      8.000
             276.000       5.784      -0.644      12.000    5.80%       9.000     10.000
     KONZEPT               2.859       1.025       0.000   17.39%       1.000      1.000      2.000
             276.000       6.984       0.239      10.000    2.54%       3.000      5.000


     UNIVARIATE HIGHER-ORDER MOMENT DESCRIPTIVE STATISTICS FOR ETHPHYS

         Variable/         Mean/     Skewness/   Minimum/ % with                Percentiles
        Sample Size      Variance    Kurtosis    Maximum  Min/Max      20%/60%    40%/80%    Median

     REPKO                 8.771      -0.418       3.000    1.20%       6.000      8.000      9.000
              83.000       6.610      -1.012      12.000   16.87%      10.000     11.000
     KONZEPT               6.699      -0.111       0.000    1.20%       3.000      6.000      7.000
              83.000      11.271      -1.120      12.000    8.43%       8.000     10.000


THE MODEL ESTIMATION TERMINATED NORMALLY



MODEL FIT INFORMATION

Number of Free Parameters                       18

Loglikelihood

          H0 Value                       -6329.827
          H1 Value                       -6329.750

Information Criteria

          Akaike (AIC)                   12695.653
          Bayesian (BIC)                 12789.985
          Sample-Size Adjusted BIC       12732.806
            (n* = (n + 2) / 24)

Chi-Square Test of Model Fit

          Value                              0.154
          Degrees of Freedom                     2
          P-Value                           0.9258

Chi-Square Contribution From Each Group

          SAAR                               0.003
          KAISER                             0.021
          ETHENVI                            0.005
          ETHPHYS                            0.126

RMSEA (Root Mean Square Error Of Approximation)

          Estimate                           0.000
          90 Percent C.I.                    0.000  0.034
          Probability RMSEA <= .05           0.968

CFI/TLI

          CFI                                1.000
          TLI                                1.000

Chi-Square Test of Model Fit for the Baseline Model

          Value                            348.003
          Degrees of Freedom                     4
          P-Value                           0.0000

SRMR (Standardized Root Mean Square Residual)

          Value                              0.007



MODEL RESULTS

                                                    Two-Tailed
                    Estimate       S.E.  Est./S.E.    P-Value

Group SAAR

 REPKO_L  BY
    REPKO              2.233      0.068     33.012      0.000

 KONZ_L   BY
    KONZEPT            1.780      0.054     33.012      0.000

 REPKO_L  WITH
    KONZ_L             0.365      0.030     11.982      0.000

 Means
    REPKO_L            0.000      0.000    999.000    999.000
    KONZ_L             0.000      0.000    999.000    999.000

 Intercepts
    REPKO              4.613      0.097     47.652      0.000
    KONZEPT            2.086      0.077     27.044      0.000

 Variances
    REPKO_L            1.000      0.000    999.000    999.000
    KONZ_L             1.000      0.000    999.000    999.000

 Residual Variances
    REPKO              0.000      0.000    999.000    999.000
    KONZEPT            0.000      0.000    999.000    999.000

Group KAISER

 REPKO_L  BY
    REPKO              2.645      0.082     32.193      0.000

 KONZ_L   BY
    KONZEPT            3.484      0.108     32.193      0.000

 REPKO_L  WITH
    KONZ_L             0.572      0.028     20.565      0.000

 Means
    REPKO_L            0.649      0.061     10.626      0.000
    KONZ_L             0.622      0.053     11.657      0.000

 Intercepts
    REPKO              4.613      0.097     47.652      0.000
    KONZEPT            2.086      0.077     27.044      0.000

 Variances
    REPKO_L            1.000      0.000    999.000    999.000
    KONZ_L             1.000      0.000    999.000    999.000

 Residual Variances
    REPKO              0.000      0.000    999.000    999.000
    KONZEPT            0.000      0.000    999.000    999.000

Group ETHENVI

 REPKO_L  BY
    REPKO              2.407      0.100     24.013      0.000

 KONZ_L   BY
    KONZEPT            2.645      0.110     24.013      0.000

 REPKO_L  WITH
    KONZ_L             0.365      0.030     11.982      0.000

 Means
    REPKO_L            1.367      0.092     14.841      0.000
    KONZ_L             0.292      0.068      4.295      0.000

 Intercepts
    REPKO              4.613      0.097     47.652      0.000
    KONZEPT            2.086      0.077     27.044      0.000

 Variances
    REPKO_L            1.000      0.000    999.000    999.000
    KONZ_L             1.000      0.000    999.000    999.000

 Residual Variances
    REPKO              0.000      0.000    999.000    999.000
    KONZEPT            0.000      0.000    999.000    999.000

Group ETHPHYS

 REPKO_L  BY
    REPKO              2.600      0.188     13.809      0.000

 KONZ_L   BY
    KONZEPT            3.395      0.246     13.808      0.000

 REPKO_L  WITH
    KONZ_L             0.572      0.028     20.565      0.000

 Means
    REPKO_L            1.599      0.164      9.761      0.000
    KONZ_L             1.358      0.149      9.108      0.000

 Intercepts
    REPKO              4.613      0.097     47.652      0.000
    KONZEPT            2.086      0.077     27.044      0.000

 Variances
    REPKO_L            1.000      0.000    999.000    999.000
    KONZ_L             1.000      0.000    999.000    999.000

 Residual Variances
    REPKO              0.000      0.000    999.000    999.000
    KONZEPT            0.000      0.000    999.000    999.000


STANDARDIZED MODEL RESULTS


STDYX Standardization

                                                    Two-Tailed
                    Estimate       S.E.  Est./S.E.    P-Value

Group SAAR

 REPKO_L  BY
    REPKO              1.000      0.000    999.000    999.000

 KONZ_L   BY
    KONZEPT            1.000      0.000    999.000    999.000

 REPKO_L  WITH
    KONZ_L             0.365      0.030     11.982      0.000

 Means
    REPKO_L            0.000      0.000    999.000    999.000
    KONZ_L             0.000      0.000    999.000    999.000

 Intercepts
    REPKO              2.066      0.076     27.137      0.000
    KONZEPT            1.173      0.056     20.920      0.000

 Variances
    REPKO_L            1.000      0.000    999.000    999.000
    KONZ_L             1.000      0.000    999.000    999.000

 Residual Variances
    REPKO              0.000    999.000    999.000    999.000
    KONZEPT            0.000    999.000    999.000    999.000

Group KAISER

 REPKO_L  BY
    REPKO              1.000      0.000    999.000    999.000

 KONZ_L   BY
    KONZEPT            1.000      0.000    999.000    999.000

 REPKO_L  WITH
    KONZ_L             0.572      0.028     20.565      0.000

 Means
    REPKO_L            0.649      0.061     10.626      0.000
    KONZ_L             0.622      0.053     11.657      0.000

 Intercepts
    REPKO              1.744      0.065     26.676      0.000
    KONZEPT            0.599      0.029     20.707      0.000

 Variances
    REPKO_L            1.000      0.000    999.000    999.000
    KONZ_L             1.000      0.000    999.000    999.000

 Residual Variances
    REPKO              0.000    999.000    999.000    999.000
    KONZEPT            0.000    999.000    999.000    999.000

Group ETHENVI

 REPKO_L  BY
    REPKO              1.000      0.000    999.000    999.000

 KONZ_L   BY
    KONZEPT            1.000      0.000    999.000    999.000

 REPKO_L  WITH
    KONZ_L             0.365      0.030     11.982      0.000

 Means
    REPKO_L            1.367      0.092     14.841      0.000
    KONZ_L             0.292      0.068      4.295      0.000

 Intercepts
    REPKO              1.917      0.089     21.444      0.000
    KONZEPT            0.789      0.044     17.956      0.000

 Variances
    REPKO_L            1.000      0.000    999.000    999.000
    KONZ_L             1.000      0.000    999.000    999.000

 Residual Variances
    REPKO              0.000    999.000    999.000    999.000
    KONZEPT            0.000    999.000    999.000    999.000

Group ETHPHYS

 REPKO_L  BY
    REPKO              1.000      0.000    999.000    999.000

 KONZ_L   BY
    KONZEPT            1.000      0.000    999.000    999.000

 REPKO_L  WITH
    KONZ_L             0.572      0.028     20.565      0.000

 Means
    REPKO_L            1.599      0.164      9.761      0.000
    KONZ_L             1.358      0.149      9.108      0.000

 Intercepts
    REPKO              1.774      0.134     13.263      0.000
    KONZEPT            0.615      0.050     12.298      0.000

 Variances
    REPKO_L            1.000      0.000    999.000    999.000
    KONZ_L             1.000      0.000    999.000    999.000

 Residual Variances
    REPKO              0.000    999.000    999.000    999.000
    KONZEPT            0.000    999.000    999.000    999.000


R-SQUARE

Group SAAR

    Observed                                        Two-Tailed
    Variable        Estimate       S.E.  Est./S.E.    P-Value

    REPKO              1.000    999.000    999.000    999.000
    KONZEPT            1.000    999.000    999.000    999.000

Group KAISER

    Observed                                        Two-Tailed
    Variable        Estimate       S.E.  Est./S.E.    P-Value

    REPKO              1.000    999.000    999.000    999.000
    KONZEPT            1.000    999.000    999.000    999.000

Group ETHENVI

    Observed                                        Two-Tailed
    Variable        Estimate       S.E.  Est./S.E.    P-Value

    REPKO              1.000    999.000    999.000    999.000
    KONZEPT            1.000    999.000    999.000    999.000

Group ETHPHYS

    Observed                                        Two-Tailed
    Variable        Estimate       S.E.  Est./S.E.    P-Value

    REPKO              1.000    999.000    999.000    999.000
    KONZEPT            1.000    999.000    999.000    999.000


QUALITY OF NUMERICAL RESULTS

     Condition Number for the Information Matrix              0.838E-02
       (ratio of smallest to largest eigenvalue)


CONFIDENCE INTERVALS OF MODEL RESULTS

                  Lower .5%  Lower 2.5%    Lower 5%    Estimate    Upper 5%  Upper 2.5%   Upper .5%

Group SAAR

 REPKO_L  BY
    REPKO            2.059       2.100       2.121       2.233       2.344       2.365       2.407

 KONZ_L   BY
    KONZEPT          1.641       1.674       1.691       1.780       1.868       1.885       1.918

 REPKO_L  WITH
    KONZ_L           0.287       0.306       0.315       0.365       0.415       0.425       0.444

 Means
    REPKO_L          0.000       0.000       0.000       0.000       0.000       0.000       0.000
    KONZ_L           0.000       0.000       0.000       0.000       0.000       0.000       0.000

 Intercepts
    REPKO            4.363       4.423       4.454       4.613       4.772       4.803       4.862
    KONZEPT          1.888       1.935       1.960       2.086       2.213       2.238       2.285

 Variances
    REPKO_L          1.000       1.000       1.000       1.000       1.000       1.000       1.000
    KONZ_L           1.000       1.000       1.000       1.000       1.000       1.000       1.000

 Residual Variances
    REPKO            0.000       0.000       0.000       0.000       0.000       0.000       0.000
    KONZEPT          0.000       0.000       0.000       0.000       0.000       0.000       0.000

Group KAISER

 REPKO_L  BY
    REPKO            2.434       2.484       2.510       2.645       2.780       2.806       2.857

 KONZ_L   BY
    KONZEPT          3.206       3.272       3.306       3.484       3.662       3.697       3.763

 REPKO_L  WITH
    KONZ_L           0.500       0.517       0.526       0.572       0.617       0.626       0.643

 Means
    REPKO_L          0.492       0.529       0.548       0.649       0.749       0.769       0.806
    KONZ_L           0.485       0.517       0.534       0.622       0.710       0.727       0.760

 Intercepts
    REPKO            4.363       4.423       4.454       4.613       4.772       4.803       4.862
    KONZEPT          1.888       1.935       1.960       2.086       2.213       2.238       2.285

 Variances
    REPKO_L          1.000       1.000       1.000       1.000       1.000       1.000       1.000
    KONZ_L           1.000       1.000       1.000       1.000       1.000       1.000       1.000

 Residual Variances
    REPKO            0.000       0.000       0.000       0.000       0.000       0.000       0.000
    KONZEPT          0.000       0.000       0.000       0.000       0.000       0.000       0.000

Group ETHENVI

 REPKO_L  BY
    REPKO            2.149       2.210       2.242       2.407       2.572       2.603       2.665

 KONZ_L   BY
    KONZEPT          2.361       2.429       2.464       2.645       2.826       2.861       2.928

 REPKO_L  WITH
    KONZ_L           0.287       0.306       0.315       0.365       0.415       0.425       0.444

 Means
    REPKO_L          1.129       1.186       1.215       1.367       1.518       1.547       1.604
    KONZ_L           0.117       0.159       0.180       0.292       0.404       0.425       0.467

 Intercepts
    REPKO            4.363       4.423       4.454       4.613       4.772       4.803       4.862
    KONZEPT          1.888       1.935       1.960       2.086       2.213       2.238       2.285

 Variances
    REPKO_L          1.000       1.000       1.000       1.000       1.000       1.000       1.000
    KONZ_L           1.000       1.000       1.000       1.000       1.000       1.000       1.000

 Residual Variances
    REPKO            0.000       0.000       0.000       0.000       0.000       0.000       0.000
    KONZEPT          0.000       0.000       0.000       0.000       0.000       0.000       0.000

Group ETHPHYS

 REPKO_L  BY
    REPKO            2.115       2.231       2.290       2.600       2.910       2.969       3.085

 KONZ_L   BY
    KONZEPT          2.762       2.913       2.991       3.395       3.800       3.877       4.029

 REPKO_L  WITH
    KONZ_L           0.500       0.517       0.526       0.572       0.617       0.626       0.643

 Means
    REPKO_L          1.177       1.278       1.330       1.599       1.869       1.920       2.021
    KONZ_L           0.974       1.066       1.113       1.358       1.604       1.651       1.743

 Intercepts
    REPKO            4.363       4.423       4.454       4.613       4.772       4.803       4.862
    KONZEPT          1.888       1.935       1.960       2.086       2.213       2.238       2.285

 Variances
    REPKO_L          1.000       1.000       1.000       1.000       1.000       1.000       1.000
    KONZ_L           1.000       1.000       1.000       1.000       1.000       1.000       1.000

 Residual Variances
    REPKO            0.000       0.000       0.000       0.000       0.000       0.000       0.000
    KONZEPT          0.000       0.000       0.000       0.000       0.000       0.000       0.000


CONFIDENCE INTERVALS OF STANDARDIZED MODEL RESULTS


STDYX Standardization

                  Lower .5%  Lower 2.5%    Lower 5%    Estimate    Upper 5%  Upper 2.5%   Upper .5%

Group SAAR

 REPKO_L  BY
    REPKO            1.000       1.000       1.000       1.000       1.000       1.000       1.000

 KONZ_L   BY
    KONZEPT          1.000       1.000       1.000       1.000       1.000       1.000       1.000

 REPKO_L  WITH
    KONZ_L           0.287       0.306       0.315       0.365       0.415       0.425       0.444

 Means
    REPKO_L          0.000       0.000       0.000       0.000       0.000       0.000       0.000
    KONZ_L           0.000       0.000       0.000       0.000       0.000       0.000       0.000

 Intercepts
    REPKO            1.870       1.917       1.941       2.066       2.191       2.215       2.262
    KONZEPT          1.028       1.063       1.080       1.173       1.265       1.282       1.317

 Variances
    REPKO_L          1.000       1.000       1.000       1.000       1.000       1.000       1.000
    KONZ_L           1.000       1.000       1.000       1.000       1.000       1.000       1.000

 Residual Variances
    REPKO          999.000     999.000     999.000       0.000     999.000     999.000     999.000
    KONZEPT        999.000     999.000     999.000       0.000     999.000     999.000     999.000

Group KAISER

 REPKO_L  BY
    REPKO            1.000       1.000       1.000       1.000       1.000       1.000       1.000

 KONZ_L   BY
    KONZEPT          1.000       1.000       1.000       1.000       1.000       1.000       1.000

 REPKO_L  WITH
    KONZ_L           0.500       0.517       0.526       0.572       0.617       0.626       0.643

 Means
    REPKO_L          0.492       0.529       0.548       0.649       0.749       0.769       0.806
    KONZ_L           0.485       0.517       0.534       0.622       0.710       0.727       0.760

 Intercepts
    REPKO            1.575       1.616       1.636       1.744       1.851       1.872       1.912
    KONZEPT          0.524       0.542       0.551       0.599       0.646       0.655       0.673

 Variances
    REPKO_L          1.000       1.000       1.000       1.000       1.000       1.000       1.000
    KONZ_L           1.000       1.000       1.000       1.000       1.000       1.000       1.000

 Residual Variances
    REPKO          999.000     999.000     999.000       0.000     999.000     999.000     999.000
    KONZEPT        999.000     999.000     999.000       0.000     999.000     999.000     999.000

Group ETHENVI

 REPKO_L  BY
    REPKO            1.000       1.000       1.000       1.000       1.000       1.000       1.000

 KONZ_L   BY
    KONZEPT          1.000       1.000       1.000       1.000       1.000       1.000       1.000

 REPKO_L  WITH
    KONZ_L           0.287       0.306       0.315       0.365       0.415       0.425       0.444

 Means
    REPKO_L          1.129       1.186       1.215       1.367       1.518       1.547       1.604
    KONZ_L           0.117       0.159       0.180       0.292       0.404       0.425       0.467

 Intercepts
    REPKO            1.686       1.741       1.770       1.917       2.064       2.092       2.147
    KONZEPT          0.676       0.703       0.717       0.789       0.861       0.875       0.902

 Variances
    REPKO_L          1.000       1.000       1.000       1.000       1.000       1.000       1.000
    KONZ_L           1.000       1.000       1.000       1.000       1.000       1.000       1.000

 Residual Variances
    REPKO          999.000     999.000     999.000       0.000     999.000     999.000     999.000
    KONZEPT        999.000     999.000     999.000       0.000     999.000     999.000     999.000

Group ETHPHYS

 REPKO_L  BY
    REPKO            1.000       1.000       1.000       1.000       1.000       1.000       1.000

 KONZ_L   BY
    KONZEPT          1.000       1.000       1.000       1.000       1.000       1.000       1.000

 REPKO_L  WITH
    KONZ_L           0.500       0.517       0.526       0.572       0.617       0.626       0.643

 Means
    REPKO_L          1.177       1.278       1.330       1.599       1.869       1.920       2.021
    KONZ_L           0.974       1.066       1.113       1.358       1.604       1.651       1.743

 Intercepts
    REPKO            1.430       1.512       1.554       1.774       1.994       2.036       2.119
    KONZEPT          0.486       0.517       0.532       0.615       0.697       0.712       0.743

 Variances
    REPKO_L          1.000       1.000       1.000       1.000       1.000       1.000       1.000
    KONZ_L           1.000       1.000       1.000       1.000       1.000       1.000       1.000

 Residual Variances
    REPKO          999.000     999.000     999.000       0.000     999.000     999.000     999.000
    KONZEPT        999.000     999.000     999.000       0.000     999.000     999.000     999.000


RESIDUAL OUTPUT


     ESTIMATED MODEL AND RESIDUALS (OBSERVED - ESTIMATED) FOR SAAR


           Model Estimated Means
              REPKO         KONZEPT
              ________      ________
                4.613         2.086


           Residuals for Means
              REPKO         KONZEPT
              ________      ________
                0.000         0.000


           Standardized Residuals (z-scores) for Means
              REPKO         KONZEPT
              ________      ________
               -0.010        -0.008


           Normalized Residuals for Means
              REPKO         KONZEPT
              ________      ________
                0.000         0.000


           Model Estimated Covariances
              REPKO         KONZEPT
              ________      ________
 REPKO          4.985
 KONZEPT        1.451         3.167


           Model Estimated Correlations
              REPKO         KONZEPT
              ________      ________
 REPKO          1.000
 KONZEPT        0.365         1.000


           Residuals for Covariances
              REPKO         KONZEPT
              ________      ________
 REPKO          0.004
 KONZEPT        0.009         0.003


           Residuals for Correlations
              REPKO         KONZEPT
              ________      ________
 REPKO          0.000
 KONZEPT        0.002         0.000


           Standardized Residuals (z-scores) for Covariances
              REPKO         KONZEPT
              ________      ________
 REPKO          0.084
 KONZEPT        0.088         0.084


           Normalized Residuals for Covariances
              REPKO         KONZEPT
              ________      ________
 REPKO          0.013
 KONZEPT        0.048         0.013


     ESTIMATED MODEL AND RESIDUALS (OBSERVED - ESTIMATED) FOR KAISER


           Model Estimated Means
              REPKO         KONZEPT
              ________      ________
                6.329         4.254


           Residuals for Means
              REPKO         KONZEPT
              ________      ________
                0.000         0.000


           Standardized Residuals (z-scores) for Means
              REPKO         KONZEPT
              ________      ________
                0.000        -0.001


           Normalized Residuals for Means
              REPKO         KONZEPT
              ________      ________
                0.000         0.000


           Model Estimated Covariances
              REPKO         KONZEPT
              ________      ________
 REPKO          6.997
 KONZEPT        5.268        12.141


           Model Estimated Correlations
              REPKO         KONZEPT
              ________      ________
 REPKO          1.000
 KONZEPT        0.572         1.000


           Residuals for Covariances
              REPKO         KONZEPT
              ________      ________
 REPKO          0.026
 KONZEPT        0.059         0.044


           Residuals for Correlations
              REPKO         KONZEPT
              ________      ________
 REPKO          0.000
 KONZEPT        0.004         0.000


           Standardized Residuals (z-scores) for Covariances
              REPKO         KONZEPT
              ________      ________
 REPKO          0.311
 KONZEPT        0.357         0.312


           Normalized Residuals for Covariances
              REPKO         KONZEPT
              ________      ________
 REPKO          0.058
 KONZEPT        0.124         0.058


     ESTIMATED MODEL AND RESIDUALS (OBSERVED - ESTIMATED) FOR ETHENVI


           Model Estimated Means
              REPKO         KONZEPT
              ________      ________
                7.902         2.859


           Residuals for Means
              REPKO         KONZEPT
              ________      ________
                0.000         0.000


           Standardized Residuals (z-scores) for Means
              REPKO         KONZEPT
              ________      ________
                0.000         0.000


           Normalized Residuals for Means
              REPKO         KONZEPT
              ________      ________
                0.000         0.000


           Model Estimated Covariances
              REPKO         KONZEPT
              ________      ________
 REPKO          5.793
 KONZEPT        2.325         6.995


           Model Estimated Correlations
              REPKO         KONZEPT
              ________      ________
 REPKO          1.000
 KONZEPT        0.365         1.000


           Residuals for Covariances
              REPKO         KONZEPT
              ________      ________
 REPKO         -0.009
 KONZEPT       -0.027        -0.011


           Residuals for Correlations
              REPKO         KONZEPT
              ________      ________
 REPKO          0.000
 KONZEPT       -0.004         0.000


           Standardized Residuals (z-scores) for Covariances
              REPKO         KONZEPT
              ________      ________
 REPKO         -0.093
 KONZEPT       -0.089        -0.093


           Normalized Residuals for Covariances
              REPKO         KONZEPT
              ________      ________
 REPKO         -0.019
 KONZEPT       -0.067        -0.019


     ESTIMATED MODEL AND RESIDUALS (OBSERVED - ESTIMATED) FOR ETHPHYS


           Model Estimated Means
              REPKO         KONZEPT
              ________      ________
                8.771         6.699


           Residuals for Means
              REPKO         KONZEPT
              ________      ________
                0.000         0.000


           Standardized Residuals (z-scores) for Means
              REPKO         KONZEPT
              ________      ________
                0.000       999.000


           Normalized Residuals for Means
              REPKO         KONZEPT
              ________      ________
                0.000         0.000


           Model Estimated Covariances
              REPKO         KONZEPT
              ________      ________
 REPKO          6.760
 KONZEPT        5.046        11.527


           Model Estimated Correlations
              REPKO         KONZEPT
              ________      ________
 REPKO          1.000
 KONZEPT        0.572         1.000


           Residuals for Covariances
              REPKO         KONZEPT
              ________      ________
 REPKO         -0.150
 KONZEPT       -0.344        -0.257


           Residuals for Correlations
              REPKO         KONZEPT
              ________      ________
 REPKO          0.000
 KONZEPT       -0.027         0.000


           Standardized Residuals (z-scores) for Covariances
              REPKO         KONZEPT
              ________      ________
 REPKO         -0.489
 KONZEPT       -0.405        -0.491


           Normalized Residuals for Covariances
              REPKO         KONZEPT
              ________      ________
 REPKO         -0.146
 KONZEPT       -0.318        -0.147


TECHNICAL 1 OUTPUT


     PARAMETER SPECIFICATION FOR SAAR


           NU
              REPKO         KONZEPT
              ________      ________
                  1             2


           LAMBDA
              REPKO_L       KONZ_L
              ________      ________
 REPKO              3             0
 KONZEPT            0             4


           THETA
              REPKO         KONZEPT
              ________      ________
 REPKO              0
 KONZEPT            0             0


           ALPHA
              REPKO_L       KONZ_L
              ________      ________
                  0             0


           BETA
              REPKO_L       KONZ_L
              ________      ________
 REPKO_L            0             0
 KONZ_L             0             0


           PSI
              REPKO_L       KONZ_L
              ________      ________
 REPKO_L            0
 KONZ_L             5             0


     PARAMETER SPECIFICATION FOR KAISER


           NU
              REPKO         KONZEPT
              ________      ________
                  1             2


           LAMBDA
              REPKO_L       KONZ_L
              ________      ________
 REPKO              6             0
 KONZEPT            0             7


           THETA
              REPKO         KONZEPT
              ________      ________
 REPKO              0
 KONZEPT            0             0


           ALPHA
              REPKO_L       KONZ_L
              ________      ________
                  8             9


           BETA
              REPKO_L       KONZ_L
              ________      ________
 REPKO_L            0             0
 KONZ_L             0             0


           PSI
              REPKO_L       KONZ_L
              ________      ________
 REPKO_L            0
 KONZ_L            10             0


     PARAMETER SPECIFICATION FOR ETHENVI


           NU
              REPKO         KONZEPT
              ________      ________
                  1             2


           LAMBDA
              REPKO_L       KONZ_L
              ________      ________
 REPKO             11             0
 KONZEPT            0            12


           THETA
              REPKO         KONZEPT
              ________      ________
 REPKO              0
 KONZEPT            0             0


           ALPHA
              REPKO_L       KONZ_L
              ________      ________
                 13            14


           BETA
              REPKO_L       KONZ_L
              ________      ________
 REPKO_L            0             0
 KONZ_L             0             0


           PSI
              REPKO_L       KONZ_L
              ________      ________
 REPKO_L            0
 KONZ_L             5             0


     PARAMETER SPECIFICATION FOR ETHPHYS


           NU
              REPKO         KONZEPT
              ________      ________
                  1             2


           LAMBDA
              REPKO_L       KONZ_L
              ________      ________
 REPKO             15             0
 KONZEPT            0            16


           THETA
              REPKO         KONZEPT
              ________      ________
 REPKO              0
 KONZEPT            0             0


           ALPHA
              REPKO_L       KONZ_L
              ________      ________
                 17            18


           BETA
              REPKO_L       KONZ_L
              ________      ________
 REPKO_L            0             0
 KONZ_L             0             0


           PSI
              REPKO_L       KONZ_L
              ________      ________
 REPKO_L            0
 KONZ_L            10             0


     STARTING VALUES FOR SAAR


           NU
              REPKO         KONZEPT
              ________      ________
                4.613         2.086


           LAMBDA
              REPKO_L       KONZ_L
              ________      ________
 REPKO          1.000         0.000
 KONZEPT        0.000         1.000


           THETA
              REPKO         KONZEPT
              ________      ________
 REPKO          0.000
 KONZEPT        0.000         0.000


           ALPHA
              REPKO_L       KONZ_L
              ________      ________
                0.000         0.000


           BETA
              REPKO_L       KONZ_L
              ________      ________
 REPKO_L        0.000         0.000
 KONZ_L         0.000         0.000


           PSI
              REPKO_L       KONZ_L
              ________      ________
 REPKO_L        1.000
 KONZ_L         0.000         1.000


     STARTING VALUES FOR KAISER


           NU
              REPKO         KONZEPT
              ________      ________
                4.613         2.086


           LAMBDA
              REPKO_L       KONZ_L
              ________      ________
 REPKO          1.000         0.000
 KONZEPT        0.000         1.000


           THETA
              REPKO         KONZEPT
              ________      ________
 REPKO          0.000
 KONZEPT        0.000         0.000


           ALPHA
              REPKO_L       KONZ_L
              ________      ________
                0.000         0.000


           BETA
              REPKO_L       KONZ_L
              ________      ________
 REPKO_L        0.000         0.000
 KONZ_L         0.000         0.000


           PSI
              REPKO_L       KONZ_L
              ________      ________
 REPKO_L        1.000
 KONZ_L         0.000         1.000


     STARTING VALUES FOR ETHENVI


           NU
              REPKO         KONZEPT
              ________      ________
                4.613         2.086


           LAMBDA
              REPKO_L       KONZ_L
              ________      ________
 REPKO          1.000         0.000
 KONZEPT        0.000         1.000


           THETA
              REPKO         KONZEPT
              ________      ________
 REPKO          0.000
 KONZEPT        0.000         0.000


           ALPHA
              REPKO_L       KONZ_L
              ________      ________
                0.000         0.000


           BETA
              REPKO_L       KONZ_L
              ________      ________
 REPKO_L        0.000         0.000
 KONZ_L         0.000         0.000


           PSI
              REPKO_L       KONZ_L
              ________      ________
 REPKO_L        1.000
 KONZ_L         0.000         1.000


     STARTING VALUES FOR ETHPHYS


           NU
              REPKO         KONZEPT
              ________      ________
                4.613         2.086


           LAMBDA
              REPKO_L       KONZ_L
              ________      ________
 REPKO          1.000         0.000
 KONZEPT        0.000         1.000


           THETA
              REPKO         KONZEPT
              ________      ________
 REPKO          0.000
 KONZEPT        0.000         0.000


           ALPHA
              REPKO_L       KONZ_L
              ________      ________
                0.000         0.000


           BETA
              REPKO_L       KONZ_L
              ________      ________
 REPKO_L        0.000         0.000
 KONZ_L         0.000         0.000


           PSI
              REPKO_L       KONZ_L
              ________      ________
 REPKO_L        1.000
 KONZ_L         0.000         1.000


DIAGRAM INFORMATION

  Use View Diagram under the Diagram menu in the Mplus Editor to view the diagram.
  If running Mplus from the Mplus Diagrammer, the diagram opens automatically.

  Diagram output
    c:\local user data\antrag_physik\cesar0.3\cesar03_rq2_correlations_fixed_step3.dgm

     Beginning Time:  12:24:52
        Ending Time:  12:24:53
       Elapsed Time:  00:00:01



MUTHEN & MUTHEN
3463 Stoner Ave.
Los Angeles, CA  90066

Tel: (310) 391-9971
Fax: (310) 391-8971
Web: www.StatModel.com
Support: Support@StatModel.com

Copyright (c) 1998-2020 Muthen & Muthen
