Mplus VERSION 8.5
MUTHEN & MUTHEN
02/28/2024  12:13 PM

INPUT INSTRUCTIONS

  data: file is CESAR03.dat;
  variable: names are ID repko konzept sample male leiter;
  missing = all(9999);

  grouping = sample(1 = Saar 2 = Kaiser 3 = ETHEnvi 4 = ETHPhys);

  usevariables = repko konzept;

  analysis:
  bootstrap = 10000;
  model:

  repko_l BY repko;
  repko@0;
  repko_l@1;

  konz_l BY konzept;
  konzept@0;
  konz_l@1;

  repko_l WITH konz_l;

  MODEL Saar:

  repko_l BY repko;
  repko@0;
  repko_l@1;

  konz_l BY konzept;
  konzept@0;
  konz_l@1;

  repko_l WITH konz_l;

  MODEL Kaiser:

  repko_l BY repko;
  repko@0;
  repko_l@1;

  konz_l BY konzept;
  konzept@0;
  konz_l@1;

  repko_l WITH konz_l;

  MODEL ETHEnvi:

  repko_l BY repko;
  repko@0;
  repko_l@1;

  konz_l BY konzept;
  konzept@0;
  konz_l@1;

  repko_l WITH konz_l;

  MODEL ETHPhys:

  repko_l BY repko;
  repko@0;
  repko_l@1;

  konz_l BY konzept;
  konzept@0;
  konz_l@1;

  repko_l WITH konz_l;



  output: tech1 residual stdyx cinterval(bcbootstrap);





INPUT READING TERMINATED NORMALLY




SUMMARY OF ANALYSIS

Number of groups                                                 4
Number of observations
   Group SAAR                                                  532
   Group KAISER                                                504
   Group ETHENVI                                               276
   Group ETHPHYS                                                83
   Total sample size                                          1395

Number of dependent variables                                    2
Number of independent variables                                  0
Number of continuous latent variables                            2

Observed dependent variables

  Continuous
   REPKO       KONZEPT

Continuous latent variables
   REPKO_L     KONZ_L

Variables with special functions

  Grouping variable     SAMPLE

Estimator                                                       ML
Information matrix                                        OBSERVED
Maximum number of iterations                                  1000
Convergence criterion                                    0.500D-04
Maximum number of steepest descent iterations                   20
Maximum number of iterations for H1                           2000
Convergence criterion for H1                             0.100D-03
Number of bootstrap draws
    Requested                                                10000
    Completed                                                10000

Input data file(s)
  CESAR03.dat

Input data format  FREE


SUMMARY OF DATA

   Group SAAR
     Number of missing data patterns             1

   Group KAISER
     Number of missing data patterns             1

   Group ETHENVI
     Number of missing data patterns             1

   Group ETHPHYS
     Number of missing data patterns             1


COVARIANCE COVERAGE OF DATA

Minimum covariance coverage value   0.100


     PROPORTION OF DATA PRESENT FOR SAAR


           Covariance Coverage
              REPKO         KONZEPT
              ________      ________
 REPKO          1.000
 KONZEPT        1.000         1.000


     PROPORTION OF DATA PRESENT FOR KAISER


           Covariance Coverage
              REPKO         KONZEPT
              ________      ________
 REPKO          1.000
 KONZEPT        1.000         1.000


     PROPORTION OF DATA PRESENT FOR ETHENVI


           Covariance Coverage
              REPKO         KONZEPT
              ________      ________
 REPKO          1.000
 KONZEPT        1.000         1.000


     PROPORTION OF DATA PRESENT FOR ETHPHYS


           Covariance Coverage
              REPKO         KONZEPT
              ________      ________
 REPKO          1.000
 KONZEPT        1.000         1.000



UNIVARIATE SAMPLE STATISTICS


     UNIVARIATE HIGHER-ORDER MOMENT DESCRIPTIVE STATISTICS FOR SAAR

         Variable/         Mean/     Skewness/   Minimum/ % with                Percentiles
        Sample Size      Variance    Kurtosis    Maximum  Min/Max      20%/60%    40%/80%    Median

     REPKO                 4.613       0.807       0.000    0.56%       3.000      4.000      4.000
             532.000       4.989       0.585      12.000    0.75%       5.000      6.000
     KONZEPT               2.086       1.237       0.000   15.79%       1.000      1.000      2.000
             532.000       3.169       1.755      11.000    0.19%       2.000      3.000


     UNIVARIATE HIGHER-ORDER MOMENT DESCRIPTIVE STATISTICS FOR KAISER

         Variable/         Mean/     Skewness/   Minimum/ % with                Percentiles
        Sample Size      Variance    Kurtosis    Maximum  Min/Max      20%/60%    40%/80%    Median

     REPKO                 6.329       0.017       1.000    1.79%       4.000      6.000      7.000
             504.000       7.022      -0.785      12.000    1.39%       7.000      9.000
     KONZEPT               4.254       0.686       0.000   11.11%       1.000      2.000      4.000
             504.000      12.186      -0.604      12.000    3.97%       5.000      7.000


     UNIVARIATE HIGHER-ORDER MOMENT DESCRIPTIVE STATISTICS FOR ETHENVI

         Variable/         Mean/     Skewness/   Minimum/ % with                Percentiles
        Sample Size      Variance    Kurtosis    Maximum  Min/Max      20%/60%    40%/80%    Median

     REPKO                 7.902      -0.237       2.000    1.45%       6.000      7.000      8.000
             276.000       5.784      -0.644      12.000    5.80%       9.000     10.000
     KONZEPT               2.859       1.025       0.000   17.39%       1.000      1.000      2.000
             276.000       6.984       0.239      10.000    2.54%       3.000      5.000


     UNIVARIATE HIGHER-ORDER MOMENT DESCRIPTIVE STATISTICS FOR ETHPHYS

         Variable/         Mean/     Skewness/   Minimum/ % with                Percentiles
        Sample Size      Variance    Kurtosis    Maximum  Min/Max      20%/60%    40%/80%    Median

     REPKO                 8.771      -0.418       3.000    1.20%       6.000      8.000      9.000
              83.000       6.610      -1.012      12.000   16.87%      10.000     11.000
     KONZEPT               6.699      -0.111       0.000    1.20%       3.000      6.000      7.000
              83.000      11.271      -1.120      12.000    8.43%       8.000     10.000


THE MODEL ESTIMATION TERMINATED NORMALLY



MODEL FIT INFORMATION

Number of Free Parameters                       20

Loglikelihood

          H0 Value                       -6329.750
          H1 Value                       -6329.750

Information Criteria

          Akaike (AIC)                   12699.499
          Bayesian (BIC)                 12804.312
          Sample-Size Adjusted BIC       12740.780
            (n* = (n + 2) / 24)

Chi-Square Test of Model Fit

          Value                              0.000
          Degrees of Freedom                     0
          P-Value                           0.0000

Chi-Square Contribution From Each Group

          SAAR                               0.000
          KAISER                             0.000
          ETHENVI                            0.000
          ETHPHYS                            0.000

RMSEA (Root Mean Square Error Of Approximation)

          Estimate                           0.000
          90 Percent C.I.                    0.000  0.000
          Probability RMSEA <= .05           0.000

CFI/TLI

          CFI                                1.000
          TLI                                1.000

Chi-Square Test of Model Fit for the Baseline Model

          Value                            348.003
          Degrees of Freedom                     4
          P-Value                           0.0000

SRMR (Standardized Root Mean Square Residual)

          Value                              0.000



MODEL RESULTS

                                                    Two-Tailed
                    Estimate       S.E.  Est./S.E.    P-Value

Group SAAR

 REPKO_L  BY
    REPKO              2.234      0.078     28.630      0.000

 KONZ_L   BY
    KONZEPT            1.780      0.074     24.063      0.000

 REPKO_L  WITH
    KONZ_L             0.367      0.043      8.479      0.000

 Means
    REPKO_L            0.000      0.000    999.000    999.000
    KONZ_L             0.000      0.000    999.000    999.000

 Intercepts
    REPKO              4.613      0.096     48.174      0.000
    KONZEPT            2.086      0.077     27.269      0.000

 Variances
    REPKO_L            1.000      0.000    999.000    999.000
    KONZ_L             1.000      0.000    999.000    999.000

 Residual Variances
    REPKO              0.000      0.000    999.000    999.000
    KONZEPT            0.000      0.000    999.000    999.000

Group KAISER

 REPKO_L  BY
    REPKO              2.650      0.065     40.601      0.000

 KONZ_L   BY
    KONZEPT            3.491      0.091     38.384      0.000

 REPKO_L  WITH
    KONZ_L             0.576      0.026     22.147      0.000

 Means
    REPKO_L            0.648      0.059     10.912      0.000
    KONZ_L             0.621      0.043     14.332      0.000

 Intercepts
    REPKO              4.613      0.096     48.174      0.000
    KONZEPT            2.086      0.077     27.269      0.000

 Variances
    REPKO_L            1.000      0.000    999.000    999.000
    KONZ_L             1.000      0.000    999.000    999.000

 Residual Variances
    REPKO              0.000      0.000    999.000    999.000
    KONZEPT            0.000      0.000    999.000    999.000

Group ETHENVI

 REPKO_L  BY
    REPKO              2.405      0.084     28.579      0.000

 KONZ_L   BY
    KONZEPT            2.643      0.118     22.383      0.000

 REPKO_L  WITH
    KONZ_L             0.362      0.044      8.128      0.000

 Means
    REPKO_L            1.368      0.094     14.474      0.000
    KONZ_L             0.292      0.060      4.898      0.000

 Intercepts
    REPKO              4.613      0.096     48.174      0.000
    KONZEPT            2.086      0.077     27.269      0.000

 Variances
    REPKO_L            1.000      0.000    999.000    999.000
    KONZ_L             1.000      0.000    999.000    999.000

 Residual Variances
    REPKO              0.000      0.000    999.000    999.000
    KONZEPT            0.000      0.000    999.000    999.000

Group ETHPHYS

 REPKO_L  BY
    REPKO              2.571      0.139     18.433      0.000

 KONZ_L   BY
    KONZEPT            3.357      0.174     19.332      0.000

 REPKO_L  WITH
    KONZ_L             0.545      0.078      6.945      0.000

 Means
    REPKO_L            1.617      0.176      9.188      0.000
    KONZ_L             1.374      0.143      9.597      0.000

 Intercepts
    REPKO              4.613      0.096     48.174      0.000
    KONZEPT            2.086      0.077     27.269      0.000

 Variances
    REPKO_L            1.000      0.000    999.000    999.000
    KONZ_L             1.000      0.000    999.000    999.000

 Residual Variances
    REPKO              0.000      0.000    999.000    999.000
    KONZEPT            0.000      0.000    999.000    999.000


STANDARDIZED MODEL RESULTS


STDYX Standardization

                                                    Two-Tailed
                    Estimate       S.E.  Est./S.E.    P-Value

Group SAAR

 REPKO_L  BY
    REPKO              1.000      0.000    999.000    999.000

 KONZ_L   BY
    KONZEPT            1.000      0.000    999.000    999.000

 REPKO_L  WITH
    KONZ_L             0.367      0.043      8.479      0.000

 Means
    REPKO_L            0.000      0.000      0.000      1.000
    KONZ_L             0.000      0.000      0.000      1.000

 Intercepts
    REPKO              2.065      0.064     32.358      0.000
    KONZEPT            1.172      0.040     29.406      0.000

 Variances
    REPKO_L            1.000      0.000    999.000    999.000
    KONZ_L             1.000      0.000    999.000    999.000

 Residual Variances
    REPKO              0.000      0.000      0.000      1.000
    KONZEPT            0.000      0.000      0.000      1.000

Group KAISER

 REPKO_L  BY
    REPKO              1.000      0.000    999.000    999.000

 KONZ_L   BY
    KONZEPT            1.000      0.000    999.000    999.000

 REPKO_L  WITH
    KONZ_L             0.576      0.026     22.147      0.000

 Means
    REPKO_L            0.648      0.059     10.912      0.000
    KONZ_L             0.621      0.043     14.332      0.000

 Intercepts
    REPKO              1.741      0.056     30.842      0.000
    KONZEPT            0.598      0.027     22.397      0.000

 Variances
    REPKO_L            1.000      0.000    999.000    999.000
    KONZ_L             1.000      0.000    999.000    999.000

 Residual Variances
    REPKO              0.000      0.000      0.000      1.000
    KONZEPT            0.000      0.000      0.000      1.000

Group ETHENVI

 REPKO_L  BY
    REPKO              1.000      0.000    999.000    999.000

 KONZ_L   BY
    KONZEPT            1.000      0.000    999.000    999.000

 REPKO_L  WITH
    KONZ_L             0.362      0.044      8.128      0.000

 Means
    REPKO_L            1.368      0.094     14.474      0.000
    KONZ_L             0.292      0.060      4.898      0.000

 Intercepts
    REPKO              1.918      0.078     24.540      0.000
    KONZEPT            0.790      0.046     17.069      0.000

 Variances
    REPKO_L            1.000      0.000    999.000    999.000
    KONZ_L             1.000      0.000    999.000    999.000

 Residual Variances
    REPKO              0.000      0.000      0.000      1.000
    KONZEPT            0.000      0.000      0.000      1.000

Group ETHPHYS

 REPKO_L  BY
    REPKO              1.000      0.000    999.000    999.000

 KONZ_L   BY
    KONZEPT            1.000      0.000    999.000    999.000

 REPKO_L  WITH
    KONZ_L             0.545      0.078      6.945      0.000

 Means
    REPKO_L            1.617      0.176      9.188      0.000
    KONZ_L             1.374      0.143      9.597      0.000

 Intercepts
    REPKO              1.794      0.107     16.727      0.000
    KONZEPT            0.621      0.040     15.440      0.000

 Variances
    REPKO_L            1.000      0.000    999.000    999.000
    KONZ_L             1.000      0.000    999.000    999.000

 Residual Variances
    REPKO              0.000      0.000      0.000      1.000
    KONZEPT            0.000      0.000      0.000      1.000


R-SQUARE

Group SAAR

    Observed                                        Two-Tailed
    Variable        Estimate       S.E.  Est./S.E.    P-Value

    REPKO              1.000      0.000    999.000    999.000
    KONZEPT            1.000      0.000    999.000    999.000

Group KAISER

    Observed                                        Two-Tailed
    Variable        Estimate       S.E.  Est./S.E.    P-Value

    REPKO              1.000      0.000    999.000    999.000
    KONZEPT            1.000      0.000    999.000    999.000

Group ETHENVI

    Observed                                        Two-Tailed
    Variable        Estimate       S.E.  Est./S.E.    P-Value

    REPKO              1.000      0.000    999.000    999.000
    KONZEPT            1.000      0.000    999.000    999.000

Group ETHPHYS

    Observed                                        Two-Tailed
    Variable        Estimate       S.E.  Est./S.E.    P-Value

    REPKO              1.000      0.000    999.000    999.000
    KONZEPT            1.000      0.000    999.000    999.000


CONFIDENCE INTERVALS OF MODEL RESULTS

                  Lower .5%  Lower 2.5%    Lower 5%    Estimate    Upper 5%  Upper 2.5%   Upper .5%

Group SAAR

 REPKO_L  BY
    REPKO            2.033       2.085       2.109       2.234       2.365       2.393       2.443

 KONZ_L   BY
    KONZEPT          1.598       1.643       1.665       1.780       1.909       1.931       1.981

 REPKO_L  WITH
    KONZ_L           0.247       0.278       0.293       0.367       0.435       0.448       0.471

 Means
    REPKO_L          0.000       0.000       0.000       0.000       0.000       0.000       0.000
    KONZ_L           0.000       0.000       0.000       0.000       0.000       0.000       0.000

 Intercepts
    REPKO            4.372       4.427       4.457       4.613       4.771       4.804       4.861
    KONZEPT          1.893       1.942       1.964       2.086       2.216       2.241       2.288

 Variances
    REPKO_L          1.000       1.000       1.000       1.000       1.000       1.000       1.000
    KONZ_L           1.000       1.000       1.000       1.000       1.000       1.000       1.000

 Residual Variances
    REPKO            0.000       0.000       0.000       0.000       0.000       0.000       0.000
    KONZEPT          0.000       0.000       0.000       0.000       0.000       0.000       0.000

Group KAISER

 REPKO_L  BY
    REPKO            2.484       2.527       2.549       2.650       2.763       2.782       2.827

 KONZ_L   BY
    KONZEPT          3.259       3.316       3.345       3.491       3.641       3.671       3.721

 REPKO_L  WITH
    KONZ_L           0.504       0.522       0.532       0.576       0.617       0.625       0.640

 Means
    REPKO_L          0.500       0.534       0.551       0.648       0.747       0.766       0.804
    KONZ_L           0.508       0.536       0.549       0.621       0.692       0.707       0.730

 Intercepts
    REPKO            4.372       4.427       4.457       4.613       4.771       4.804       4.861
    KONZEPT          1.893       1.942       1.964       2.086       2.216       2.241       2.288

 Variances
    REPKO_L          1.000       1.000       1.000       1.000       1.000       1.000       1.000
    KONZ_L           1.000       1.000       1.000       1.000       1.000       1.000       1.000

 Residual Variances
    REPKO            0.000       0.000       0.000       0.000       0.000       0.000       0.000
    KONZEPT          0.000       0.000       0.000       0.000       0.000       0.000       0.000

Group ETHENVI

 REPKO_L  BY
    REPKO            2.194       2.249       2.274       2.405       2.552       2.577       2.628

 KONZ_L   BY
    KONZEPT          2.330       2.409       2.450       2.643       2.837       2.875       2.936

 REPKO_L  WITH
    KONZ_L           0.244       0.272       0.286       0.362       0.433       0.446       0.471

 Means
    REPKO_L          1.134       1.190       1.215       1.368       1.523       1.557       1.621
    KONZ_L           0.136       0.171       0.190       0.292       0.388       0.405       0.441

 Intercepts
    REPKO            4.372       4.427       4.457       4.613       4.771       4.804       4.861
    KONZEPT          1.893       1.942       1.964       2.086       2.216       2.241       2.288

 Variances
    REPKO_L          1.000       1.000       1.000       1.000       1.000       1.000       1.000
    KONZ_L           1.000       1.000       1.000       1.000       1.000       1.000       1.000

 Residual Variances
    REPKO            0.000       0.000       0.000       0.000       0.000       0.000       0.000
    KONZEPT          0.000       0.000       0.000       0.000       0.000       0.000       0.000

Group ETHPHYS

 REPKO_L  BY
    REPKO            2.224       2.313       2.359       2.571       2.812       2.853       2.923

 KONZ_L   BY
    KONZEPT          2.919       3.027       3.086       3.357       3.655       3.708       3.803

 REPKO_L  WITH
    KONZ_L           0.307       0.373       0.402       0.545       0.661       0.678       0.719

 Means
    REPKO_L          1.233       1.307       1.353       1.617       1.921       1.989       2.136
    KONZ_L           1.056       1.125       1.164       1.374       1.625       1.684       1.798

 Intercepts
    REPKO            4.372       4.427       4.457       4.613       4.771       4.804       4.861
    KONZEPT          1.893       1.942       1.964       2.086       2.216       2.241       2.288

 Variances
    REPKO_L          1.000       1.000       1.000       1.000       1.000       1.000       1.000
    KONZ_L           1.000       1.000       1.000       1.000       1.000       1.000       1.000

 Residual Variances
    REPKO            0.000       0.000       0.000       0.000       0.000       0.000       0.000
    KONZEPT          0.000       0.000       0.000       0.000       0.000       0.000       0.000


CONFIDENCE INTERVALS OF STANDARDIZED MODEL RESULTS


STDYX Standardization

                  Lower .5%  Lower 2.5%    Lower 5%    Estimate    Upper 5%  Upper 2.5%   Upper .5%

Group SAAR

 REPKO_L  BY
    REPKO            1.000       1.000       1.000       1.000       1.000       1.000       1.000

 KONZ_L   BY
    KONZEPT          1.000       1.000       1.000       1.000       1.000       1.000       1.000

 REPKO_L  WITH
    KONZ_L           0.247       0.278       0.293       0.367       0.435       0.448       0.471

 Means
    REPKO_L          0.000       0.000       0.000       0.000       0.000       0.000       0.000
    KONZ_L           0.000       0.000       0.000       0.000       0.000       0.000       0.000

 Intercepts
    REPKO            1.909       1.943       1.961       2.065       2.168       2.191       2.237
    KONZEPT          1.076       1.096       1.107       1.172       1.238       1.251       1.276

 Variances
    REPKO_L          1.000       1.000       1.000       1.000       1.000       1.000       1.000
    KONZ_L           1.000       1.000       1.000       1.000       1.000       1.000       1.000

 Residual Variances
    REPKO            0.000       0.000       0.000       0.000       0.000       0.000       0.000
    KONZEPT          0.000       0.000       0.000       0.000       0.000       0.000       0.000

Group KAISER

 REPKO_L  BY
    REPKO            1.000       1.000       1.000       1.000       1.000       1.000       1.000

 KONZ_L   BY
    KONZEPT          1.000       1.000       1.000       1.000       1.000       1.000       1.000

 REPKO_L  WITH
    KONZ_L           0.504       0.522       0.532       0.576       0.617       0.625       0.640

 Means
    REPKO_L          0.500       0.534       0.551       0.648       0.747       0.766       0.804
    KONZ_L           0.508       0.536       0.549       0.621       0.692       0.707       0.730

 Intercepts
    REPKO            1.601       1.635       1.651       1.741       1.834       1.854       1.891
    KONZEPT          0.531       0.547       0.555       0.598       0.642       0.650       0.667

 Variances
    REPKO_L          1.000       1.000       1.000       1.000       1.000       1.000       1.000
    KONZ_L           1.000       1.000       1.000       1.000       1.000       1.000       1.000

 Residual Variances
    REPKO            0.000       0.000       0.000       0.000       0.000       0.000       0.000
    KONZEPT          0.000       0.000       0.000       0.000       0.000       0.000       0.000

Group ETHENVI

 REPKO_L  BY
    REPKO            1.000       1.000       1.000       1.000       1.000       1.000       1.000

 KONZ_L   BY
    KONZEPT          1.000       1.000       1.000       1.000       1.000       1.000       1.000

 REPKO_L  WITH
    KONZ_L           0.244       0.272       0.286       0.362       0.433       0.446       0.471

 Means
    REPKO_L          1.134       1.190       1.215       1.368       1.523       1.557       1.621
    KONZ_L           0.136       0.171       0.190       0.292       0.388       0.405       0.441

 Intercepts
    REPKO            1.729       1.771       1.792       1.918       2.042       2.071       2.126
    KONZEPT          0.683       0.706       0.718       0.790       0.867       0.885       0.921

 Variances
    REPKO_L          1.000       1.000       1.000       1.000       1.000       1.000       1.000
    KONZ_L           1.000       1.000       1.000       1.000       1.000       1.000       1.000

 Residual Variances
    REPKO            0.000       0.000       0.000       0.000       0.000       0.000       0.000
    KONZEPT          0.000       0.000       0.000       0.000       0.000       0.000       0.000

Group ETHPHYS

 REPKO_L  BY
    REPKO            1.000       1.000       1.000       1.000       1.000       1.000       1.000

 KONZ_L   BY
    KONZEPT          1.000       1.000       1.000       1.000       1.000       1.000       1.000

 REPKO_L  WITH
    KONZ_L           0.307       0.373       0.402       0.545       0.661       0.678       0.719

 Means
    REPKO_L          1.233       1.307       1.353       1.617       1.921       1.989       2.136
    KONZ_L           1.056       1.125       1.164       1.374       1.625       1.684       1.798

 Intercepts
    REPKO            1.560       1.603       1.630       1.794       1.967       2.006       2.100
    KONZEPT          0.529       0.548       0.559       0.621       0.688       0.701       0.729

 Variances
    REPKO_L          1.000       1.000       1.000       1.000       1.000       1.000       1.000
    KONZ_L           1.000       1.000       1.000       1.000       1.000       1.000       1.000

 Residual Variances
    REPKO            0.000       0.000       0.000       0.000       0.000       0.000       0.000
    KONZEPT          0.000       0.000       0.000       0.000       0.000       0.000       0.000


RESIDUAL OUTPUT


     ESTIMATED MODEL AND RESIDUALS (OBSERVED - ESTIMATED) FOR SAAR


           Model Estimated Means
              REPKO         KONZEPT
              ________      ________
                4.613         2.086


           Residuals for Means
              REPKO         KONZEPT
              ________      ________
                0.000         0.000


           Model Estimated Covariances
              REPKO         KONZEPT
              ________      ________
 REPKO          4.989
 KONZEPT        1.460         3.169


           Model Estimated Correlations
              REPKO         KONZEPT
              ________      ________
 REPKO          1.000
 KONZEPT        0.367         1.000


           Residuals for Covariances
              REPKO         KONZEPT
              ________      ________
 REPKO          0.000
 KONZEPT        0.000         0.000


           Residuals for Correlations
              REPKO         KONZEPT
              ________      ________
 REPKO          0.000
 KONZEPT        0.000         0.000


     ESTIMATED MODEL AND RESIDUALS (OBSERVED - ESTIMATED) FOR KAISER


           Model Estimated Means
              REPKO         KONZEPT
              ________      ________
                6.329         4.254


           Residuals for Means
              REPKO         KONZEPT
              ________      ________
                0.000         0.000


           Model Estimated Covariances
              REPKO         KONZEPT
              ________      ________
 REPKO          7.022
 KONZEPT        5.327        12.185


           Model Estimated Correlations
              REPKO         KONZEPT
              ________      ________
 REPKO          1.000
 KONZEPT        0.576         1.000


           Residuals for Covariances
              REPKO         KONZEPT
              ________      ________
 REPKO          0.000
 KONZEPT        0.000         0.000


           Residuals for Correlations
              REPKO         KONZEPT
              ________      ________
 REPKO          0.000
 KONZEPT        0.000         0.000


     ESTIMATED MODEL AND RESIDUALS (OBSERVED - ESTIMATED) FOR ETHENVI


           Model Estimated Means
              REPKO         KONZEPT
              ________      ________
                7.902         2.859


           Residuals for Means
              REPKO         KONZEPT
              ________      ________
                0.000         0.000


           Model Estimated Covariances
              REPKO         KONZEPT
              ________      ________
 REPKO          5.784
 KONZEPT        2.298         6.984


           Model Estimated Correlations
              REPKO         KONZEPT
              ________      ________
 REPKO          1.000
 KONZEPT        0.362         1.000


           Residuals for Covariances
              REPKO         KONZEPT
              ________      ________
 REPKO          0.000
 KONZEPT        0.000         0.000


           Residuals for Correlations
              REPKO         KONZEPT
              ________      ________
 REPKO          0.000
 KONZEPT        0.000         0.000


     ESTIMATED MODEL AND RESIDUALS (OBSERVED - ESTIMATED) FOR ETHPHYS


           Model Estimated Means
              REPKO         KONZEPT
              ________      ________
                8.771         6.699


           Residuals for Means
              REPKO         KONZEPT
              ________      ________
                0.000         0.000


           Model Estimated Covariances
              REPKO         KONZEPT
              ________      ________
 REPKO          6.610
 KONZEPT        4.702        11.271


           Model Estimated Correlations
              REPKO         KONZEPT
              ________      ________
 REPKO          1.000
 KONZEPT        0.545         1.000


           Residuals for Covariances
              REPKO         KONZEPT
              ________      ________
 REPKO          0.000
 KONZEPT        0.000         0.000


           Residuals for Correlations
              REPKO         KONZEPT
              ________      ________
 REPKO          0.000
 KONZEPT        0.000         0.000


TECHNICAL 1 OUTPUT


     PARAMETER SPECIFICATION FOR SAAR


           NU
              REPKO         KONZEPT
              ________      ________
                  1             2


           LAMBDA
              REPKO_L       KONZ_L
              ________      ________
 REPKO              3             0
 KONZEPT            0             4


           THETA
              REPKO         KONZEPT
              ________      ________
 REPKO              0
 KONZEPT            0             0


           ALPHA
              REPKO_L       KONZ_L
              ________      ________
                  0             0


           BETA
              REPKO_L       KONZ_L
              ________      ________
 REPKO_L            0             0
 KONZ_L             0             0


           PSI
              REPKO_L       KONZ_L
              ________      ________
 REPKO_L            0
 KONZ_L             5             0


     PARAMETER SPECIFICATION FOR KAISER


           NU
              REPKO         KONZEPT
              ________      ________
                  1             2


           LAMBDA
              REPKO_L       KONZ_L
              ________      ________
 REPKO              6             0
 KONZEPT            0             7


           THETA
              REPKO         KONZEPT
              ________      ________
 REPKO              0
 KONZEPT            0             0


           ALPHA
              REPKO_L       KONZ_L
              ________      ________
                  8             9


           BETA
              REPKO_L       KONZ_L
              ________      ________
 REPKO_L            0             0
 KONZ_L             0             0


           PSI
              REPKO_L       KONZ_L
              ________      ________
 REPKO_L            0
 KONZ_L            10             0


     PARAMETER SPECIFICATION FOR ETHENVI


           NU
              REPKO         KONZEPT
              ________      ________
                  1             2


           LAMBDA
              REPKO_L       KONZ_L
              ________      ________
 REPKO             11             0
 KONZEPT            0            12


           THETA
              REPKO         KONZEPT
              ________      ________
 REPKO              0
 KONZEPT            0             0


           ALPHA
              REPKO_L       KONZ_L
              ________      ________
                 13            14


           BETA
              REPKO_L       KONZ_L
              ________      ________
 REPKO_L            0             0
 KONZ_L             0             0


           PSI
              REPKO_L       KONZ_L
              ________      ________
 REPKO_L            0
 KONZ_L            15             0


     PARAMETER SPECIFICATION FOR ETHPHYS


           NU
              REPKO         KONZEPT
              ________      ________
                  1             2


           LAMBDA
              REPKO_L       KONZ_L
              ________      ________
 REPKO             16             0
 KONZEPT            0            17


           THETA
              REPKO         KONZEPT
              ________      ________
 REPKO              0
 KONZEPT            0             0


           ALPHA
              REPKO_L       KONZ_L
              ________      ________
                 18            19


           BETA
              REPKO_L       KONZ_L
              ________      ________
 REPKO_L            0             0
 KONZ_L             0             0


           PSI
              REPKO_L       KONZ_L
              ________      ________
 REPKO_L            0
 KONZ_L            20             0


     STARTING VALUES FOR SAAR


           NU
              REPKO         KONZEPT
              ________      ________
                4.613         2.086


           LAMBDA
              REPKO_L       KONZ_L
              ________      ________
 REPKO          1.000         0.000
 KONZEPT        0.000         1.000


           THETA
              REPKO         KONZEPT
              ________      ________
 REPKO          0.000
 KONZEPT        0.000         0.000


           ALPHA
              REPKO_L       KONZ_L
              ________      ________
                0.000         0.000


           BETA
              REPKO_L       KONZ_L
              ________      ________
 REPKO_L        0.000         0.000
 KONZ_L         0.000         0.000


           PSI
              REPKO_L       KONZ_L
              ________      ________
 REPKO_L        1.000
 KONZ_L         0.000         1.000


     STARTING VALUES FOR KAISER


           NU
              REPKO         KONZEPT
              ________      ________
                4.613         2.086


           LAMBDA
              REPKO_L       KONZ_L
              ________      ________
 REPKO          1.000         0.000
 KONZEPT        0.000         1.000


           THETA
              REPKO         KONZEPT
              ________      ________
 REPKO          0.000
 KONZEPT        0.000         0.000


           ALPHA
              REPKO_L       KONZ_L
              ________      ________
                0.000         0.000


           BETA
              REPKO_L       KONZ_L
              ________      ________
 REPKO_L        0.000         0.000
 KONZ_L         0.000         0.000


           PSI
              REPKO_L       KONZ_L
              ________      ________
 REPKO_L        1.000
 KONZ_L         0.000         1.000


     STARTING VALUES FOR ETHENVI


           NU
              REPKO         KONZEPT
              ________      ________
                4.613         2.086


           LAMBDA
              REPKO_L       KONZ_L
              ________      ________
 REPKO          1.000         0.000
 KONZEPT        0.000         1.000


           THETA
              REPKO         KONZEPT
              ________      ________
 REPKO          0.000
 KONZEPT        0.000         0.000


           ALPHA
              REPKO_L       KONZ_L
              ________      ________
                0.000         0.000


           BETA
              REPKO_L       KONZ_L
              ________      ________
 REPKO_L        0.000         0.000
 KONZ_L         0.000         0.000


           PSI
              REPKO_L       KONZ_L
              ________      ________
 REPKO_L        1.000
 KONZ_L         0.000         1.000


     STARTING VALUES FOR ETHPHYS


           NU
              REPKO         KONZEPT
              ________      ________
                4.613         2.086


           LAMBDA
              REPKO_L       KONZ_L
              ________      ________
 REPKO          1.000         0.000
 KONZEPT        0.000         1.000


           THETA
              REPKO         KONZEPT
              ________      ________
 REPKO          0.000
 KONZEPT        0.000         0.000


           ALPHA
              REPKO_L       KONZ_L
              ________      ________
                0.000         0.000


           BETA
              REPKO_L       KONZ_L
              ________      ________
 REPKO_L        0.000         0.000
 KONZ_L         0.000         0.000


           PSI
              REPKO_L       KONZ_L
              ________      ________
 REPKO_L        1.000
 KONZ_L         0.000         1.000


DIAGRAM INFORMATION

  Use View Diagram under the Diagram menu in the Mplus Editor to view the diagram.
  If running Mplus from the Mplus Diagrammer, the diagram opens automatically.

  Diagram output
    c:\local user data\antrag_physik\cesar0.3\cesar03_correlations.dgm

     Beginning Time:  12:13:32
        Ending Time:  12:14:37
       Elapsed Time:  00:01:05



MUTHEN & MUTHEN
3463 Stoner Ave.
Los Angeles, CA  90066

Tel: (310) 391-9971
Fax: (310) 391-8971
Web: www.StatModel.com
Support: Support@StatModel.com

Copyright (c) 1998-2020 Muthen & Muthen
